This is pdfTeX, Version 3.14159265-2.6-1.40.20 (TeX Live 2019/Debian) (preloaded format=pdflatex 2020.10.5)  10 OCT 2020 15:56
entering extended mode
 restricted \write18 enabled.
 %&-line parsing enabled.
**terminal.tex
(./terminal.tex
LaTeX2e <2020-02-02> patch level 2
L3 programming layer <2020-02-14>
(/usr/share/texlive/texmf-dist/tex/latex/base/article.cls
Document Class: article 2019/12/20 v1.4l Standard LaTeX document class
(/usr/share/texlive/texmf-dist/tex/latex/base/size10.clo
File: size10.clo 2019/12/20 v1.4l Standard LaTeX file (size option)
)
\c@part=\count167
\c@section=\count168
\c@subsection=\count169
\c@subsubsection=\count170
\c@paragraph=\count171
\c@subparagraph=\count172
\c@figure=\count173
\c@table=\count174
\abovecaptionskip=\skip47
\belowcaptionskip=\skip48
\bibindent=\dimen134
)
(/usr/share/texlive/texmf-dist/tex/latex/graphics/graphicx.sty
Package: graphicx 2019/11/30 v1.2a Enhanced LaTeX Graphics (DPC,SPQR)

(/usr/share/texlive/texmf-dist/tex/latex/graphics/keyval.sty
Package: keyval 2014/10/28 v1.15 key=value parser (DPC)
\KV@toks@=\toks14
)
(/usr/share/texlive/texmf-dist/tex/latex/graphics/graphics.sty
Package: graphics 2019/11/30 v1.4a Standard LaTeX Graphics (DPC,SPQR)

(/usr/share/texlive/texmf-dist/tex/latex/graphics/trig.sty
Package: trig 2016/01/03 v1.10 sin cos tan (DPC)
)
(/usr/share/texlive/texmf-dist/tex/latex/graphics-cfg/graphics.cfg
File: graphics.cfg 2016/06/04 v1.11 sample graphics configuration
)
Package graphics Info: Driver file: pdftex.def on input line 105.

(/usr/share/texlive/texmf-dist/tex/latex/graphics-def/pdftex.def
File: pdftex.def 2018/01/08 v1.0l Graphics/color driver for pdftex
))
\Gin@req@height=\dimen135
\Gin@req@width=\dimen136
)
(/usr/share/texlive/texmf-dist/tex/latex/tools/verbatim.sty
Package: verbatim 2019/11/10 v1.5r LaTeX2e package for verbatim enhancements
\every@verbatim=\toks15
\verbatim@line=\toks16
\verbatim@in@stream=\read2
)
(/usr/share/texlive/texmf-dist/tex/latex/float/float.sty
Package: float 2001/11/08 v1.3d Float enhancements (AL)
\c@float@type=\count175
\float@exts=\toks17
\float@box=\box45
\@float@everytoks=\toks18
\@floatcapt=\box46
)
(/usr/share/texlive/texmf-dist/tex/latex/url/url.sty
\Urlmuskip=\muskip16
Package: url 2013/09/16  ver 3.4  Verb mode for urls, etc.
)
(/usr/share/texlive/texmf-dist/tex/latex/base/inputenc.sty
Package: inputenc 2018/08/11 v1.3c Input encoding file
\inpenc@prehook=\toks19
\inpenc@posthook=\toks20
)
(/usr/share/texlive/texmf-dist/tex/latex/l3backend/l3backend-pdfmode.def
File: l3backend-pdfmode.def 2020-02-03 L3 backend support: PDF mode
\l__kernel_color_stack_int=\count176
\l__pdf_internal_box=\box47
)
(./terminal.aux)
\openout1 = `terminal.aux'.

LaTeX Font Info:    Checking defaults for OML/cmm/m/it on input line 10.
LaTeX Font Info:    ... okay on input line 10.
LaTeX Font Info:    Checking defaults for OMS/cmsy/m/n on input line 10.
LaTeX Font Info:    ... okay on input line 10.
LaTeX Font Info:    Checking defaults for OT1/cmr/m/n on input line 10.
LaTeX Font Info:    ... okay on input line 10.
LaTeX Font Info:    Checking defaults for T1/cmr/m/n on input line 10.
LaTeX Font Info:    ... okay on input line 10.
LaTeX Font Info:    Checking defaults for TS1/cmr/m/n on input line 10.
LaTeX Font Info:    ... okay on input line 10.
LaTeX Font Info:    Checking defaults for OMX/cmex/m/n on input line 10.
LaTeX Font Info:    ... okay on input line 10.
LaTeX Font Info:    Checking defaults for U/cmr/m/n on input line 10.
LaTeX Font Info:    ... okay on input line 10.

(/usr/share/texlive/texmf-dist/tex/context/base/mkii/supp-pdf.mkii
[Loading MPS to PDF converter (version 2006.09.02).]
\scratchcounter=\count177
\scratchdimen=\dimen137
\scratchbox=\box48
\nofMPsegments=\count178
\nofMParguments=\count179
\everyMPshowfont=\toks21
\MPscratchCnt=\count180
\MPscratchDim=\dimen138
\MPnumerator=\count181
\makeMPintoPDFobject=\count182
\everyMPtoPDFconversion=\toks22
) (/usr/share/texlive/texmf-dist/tex/latex/epstopdf-pkg/epstopdf-base.sty
Package: epstopdf-base 2020-01-24 v2.11 Base part for package epstopdf

(/usr/share/texlive/texmf-dist/tex/generic/infwarerr/infwarerr.sty
Package: infwarerr 2019/12/03 v1.5 Providing info/warning/error messages (HO)
)
(/usr/share/texlive/texmf-dist/tex/latex/grfext/grfext.sty
Package: grfext 2019/12/03 v1.3 Manage graphics extensions (HO)

(/usr/share/texlive/texmf-dist/tex/generic/kvdefinekeys/kvdefinekeys.sty
Package: kvdefinekeys 2019-12-19 v1.6 Define keys (HO)
))
(/usr/share/texlive/texmf-dist/tex/latex/kvoptions/kvoptions.sty
Package: kvoptions 2019/11/29 v3.13 Key value format for package options (HO)

(/usr/share/texlive/texmf-dist/tex/generic/ltxcmds/ltxcmds.sty
Package: ltxcmds 2019/12/15 v1.24 LaTeX kernel commands for general use (HO)
)
(/usr/share/texlive/texmf-dist/tex/generic/kvsetkeys/kvsetkeys.sty
Package: kvsetkeys 2019/12/15 v1.18 Key value parser (HO)
))
(/usr/share/texlive/texmf-dist/tex/latex/pdftexcmds/pdftexcmds.sty
Package: pdftexcmds 2019/11/24 v0.31 Utility functions of pdfTeX for LuaTeX (HO
)

(/usr/share/texlive/texmf-dist/tex/generic/iftex/iftex.sty
Package: iftex 2019/11/07 v1.0c TeX engine tests
)
Package pdftexcmds Info: \pdf@primitive is available.
Package pdftexcmds Info: \pdf@ifprimitive is available.
Package pdftexcmds Info: \pdfdraftmode found.
)
Package epstopdf-base Info: Redefining graphics rule for `.eps' on input line 4
85.
Package grfext Info: Graphics extension search list:
(grfext)             [.pdf,.png,.jpg,.mps,.jpeg,.jbig2,.jb2,.PDF,.PNG,.JPG,.JPE
G,.JBIG2,.JB2,.eps]
(grfext)             \AppendGraphicsExtensions on input line 504.

(/usr/share/texlive/texmf-dist/tex/latex/latexconfig/epstopdf-sys.cfg
File: epstopdf-sys.cfg 2010/07/13 v1.3 Configuration of (r)epstopdf for TeX Liv
e
))
LaTeX Font Info:    External font `cmex10' loaded for size
(Font)              <12> on input line 14.
LaTeX Font Info:    External font `cmex10' loaded for size
(Font)              <8> on input line 14.
LaTeX Font Info:    External font `cmex10' loaded for size
(Font)              <6> on input line 14.

[1

{/var/lib/texmf/fonts/map/pdftex/updmap/pdftex.map}] (./terminal.toc)
\tf@toc=\write3
\openout3 = `terminal.toc'.


[2]
File: "terminal.cmd"  (verbatim)

Overfull \hbox (53.99652pt too wide) in paragraph at lines 19--19
[]   \OT1/cmtt/m/n/10 11  wget http://www.yworks.com/products/yed/demo/yEd-3.13
_64-bit_setup.sh[] 
 []


Overfull \hbox (6.74693pt too wide) in paragraph at lines 19--19
[]   \OT1/cmtt/m/n/10 28  /home/madhur/downloads/yEd-3.20.1_with-JRE14_64-bit_s
etup.sh[] 
 []


Overfull \hbox (6.74693pt too wide) in paragraph at lines 19--19
[]   \OT1/cmtt/m/n/10 29  /home/madhur/Downloads/yEd-3.20.1_with-JRE14_64-bit_s
etup.sh[] 
 []


Overfull \hbox (6.74693pt too wide) in paragraph at lines 19--19
[]   \OT1/cmtt/m/n/10 31  /home/madhur/Downloads/yEd-3.20.1_with-JRE14_64-bit_s
etup.sh[] 
 []


Overfull \hbox (53.99652pt too wide) in paragraph at lines 19--19
[]   \OT1/cmtt/m/n/10 32  chmod +x /home/madhur/Downloads/yEd-3.20.1_with-JRE14
_64-bit_setup.sh[] 
 []


Overfull \hbox (6.74693pt too wide) in paragraph at lines 19--19
[]   \OT1/cmtt/m/n/10 33  /home/madhur/Downloads/yEd-3.20.1_with-JRE14_64-bit_s
etup.sh[] 
 []

[3]
Overfull \hbox (74.99634pt too wide) in paragraph at lines 19--19
[]   \OT1/cmtt/m/n/10 85  sudo apt-get install '/home/madhur/Downloads/eclipse-
inst-linux64.tar.gz'[] 
 []

[4]
Overfull \hbox (90.7462pt too wide) in paragraph at lines 19--19
[]   \OT1/cmtt/m/n/10 93  cp '/home/madhur/Downloads/svg2tikz-master' '/usr/sha
re/inkscape/extensions'[] 
 []

[5] [6] [7] [8] [9] [10]
Underfull \hbox (badness 10000) in paragraph at lines 20--21

 []

[11]
<terminal_1.jpeg, id=44, 779.91376pt x 926.46124pt>
File: terminal_1.jpeg Graphic file (type jpg)
<use terminal_1.jpeg>
Package pdftex.def Info: terminal_1.jpeg  used on input line 31.
(pdftex.def)             Requested size: 389.95593pt x 463.22948pt.
<terminal_2.png, id=46, 718.685pt x 144.54pt>
File: terminal_2.png Graphic file (type png)
<use terminal_2.png>
Package pdftex.def Info: terminal_2.png  used on input line 32.
(pdftex.def)             Requested size: 359.34161pt x 72.2698pt.

Overfull \hbox (44.95593pt too wide) in paragraph at lines 31--33
 [][] 
 []


Overfull \hbox (14.34161pt too wide) in paragraph at lines 31--33
 [] 
 []


Overfull \vbox (17.40204pt too high) has occurred while \output is active []


[12 <./terminal_1.jpeg> <./terminal_2.png>] (./terminal.bbl) (./terminal.aux) )
 
Here is how much of TeX's memory you used:
 1849 strings out of 483140
 27962 string characters out of 5965151
 261301 words of memory out of 5000000
 16852 multiletter control sequences out of 15000+600000
 536789 words of font info for 39 fonts, out of 8000000 for 9000
 36 hyphenation exceptions out of 8191
 34i,6n,29p,206b,256s stack positions out of 5000i,500n,10000p,200000b,80000s
 </home/madhur/.texlive2019/texmf-var/fonts/pk/ljfour/jknappen/ec/tcrm1000.600p
k></usr/share/texlive/texmf-dist/fonts/type1/public/amsfonts/cm/cmbx10.pfb></us
r/share/texlive/texmf-dist/fonts/type1/public/amsfonts/cm/cmbx12.pfb></usr/shar
e/texlive/texmf-dist/fonts/type1/public/amsfonts/cm/cmr10.pfb></usr/share/texli
ve/texmf-dist/fonts/type1/public/amsfonts/cm/cmr12.pfb></usr/share/texlive/texm
f-dist/fonts/type1/public/amsfonts/cm/cmr17.pfb></usr/share/texlive/texmf-dist/
fonts/type1/public/amsfonts/cm/cmtt10.pfb>
Output written on terminal.pdf (12 pages, 295270 bytes).
PDF statistics:
 77 PDF objects out of 1000 (max. 8388607)
 51 compressed objects within 1 object stream
 0 named destinations out of 1000 (max. 500000)
 11 words of extra memory for PDF output out of 10000 (max. 10000000)

